<?xml version="1.0" encoding="UTF-8"?>
<testsuite name="TriangleTest" tests="3" skipped="0" failures="0" errors="0" timestamp="2022-05-16T04:33:18" hostname="Justins-MacBook-Pro.local" time="0.002">
  <properties/>
  <testcase name="calculateArea()" classname="TriangleTest" time="0.0"/>
  <testcase name="move()" classname="TriangleTest" time="0.0"/>
  <testcase name="checkIfAreaIsZero()" classname="TriangleTest" time="0.001"/>
  <system-out><![CDATA[]]></system-out>
  <system-err><![CDATA[]]></system-err>
</testsuite>
