<?xml version="1.0" encoding="UTF-8"?>
<testsuite name="RectangleTest" tests="6" skipped="0" failures="0" errors="0" timestamp="2022-05-16T04:33:18" hostname="Justins-MacBook-Pro.local" time="0.005">
  <properties/>
  <testcase name="getHeightOfZero()" classname="RectangleTest" time="0.001"/>
  <testcase name="calculateArea()" classname="RectangleTest" time="0.0"/>
  <testcase name="move()" classname="RectangleTest" time="0.0"/>
  <testcase name="getHeight()" classname="RectangleTest" time="0.0"/>
  <testcase name="getWidthOfZero()" classname="RectangleTest" time="0.0"/>
  <testcase name="getWidth()" classname="RectangleTest" time="0.001"/>
  <system-out><![CDATA[]]></system-out>
  <system-err><![CDATA[]]></system-err>
</testsuite>
